Received op=4
Received op=4
Command: A
Received op=4
Command: T
Received op=4
Command: 9
Received op=4
Command: A
Received op=4
Command: A
Received op=4
Command: A
Received op=4
Command: A
Received op=4
Command: A
Received op=4
Command: A
Received op=4
Command: A
Received op=4
Command: A
Received op=4
Command: A
Received op=4
Command: A
Received op=4
Command: A
Received op=4
Command: A
Received op=4
Command: D
Received op=4
Command: D
Received op=4
Command: D
Received op=4
Game ended (game_over=1, victory=0)
Returning receiver thread...
Game ended, waiting before cleanup...
Showing final message for 3 seconds...
